<?xml version="1.0" encoding="UTF-8"?>
<testsuite xmlns:xsi="http://www.w3.org/2001/XMLSchema-instance" xsi:noNamespaceSchemaLocation="https://maven.apache.org/surefire/maven-surefire-plugin/xsd/surefire-test-report.xsd" name="com.evaluation.EvaluationApplicationTests" time="4.669" tests="1" errors="0" skipped="0" failures="0">
  <properties>
    <property name="sun.desktop" value="windows"/>
    <property name="awt.toolkit" value="sun.awt.windows.WToolkit"/>
    <property name="file.encoding.pkg" value="sun.io"/>
    <property name="java.specification.version" value="1.8"/>
    <property name="sun.cpu.isalist" value="amd64"/>
    <property name="sun.jnu.encoding" value="GBK"/>
    <property name="java.class.path" value="D:\workspace_yangmeng\github_project\eb\evaluation\target\test-classes;D:\workspace_yangmeng\github_project\eb\evaluation\target\classes;D:\mavenrepository\repository\org\springframework\boot\spring-boot-starter-jdbc\2.0.6.RELEASE\spring-boot-starter-jdbc-2.0.6.RELEASE.jar;D:\mavenrepository\repository\org\springframework\boot\spring-boot-starter\2.0.6.RELEASE\spring-boot-starter-2.0.6.RELEASE.jar;D:\mavenrepository\repository\org\springframework\boot\spring-boot-starter-logging\2.0.6.RELEASE\spring-boot-starter-logging-2.0.6.RELEASE.jar;D:\mavenrepository\repository\ch\qos\logback\logback-classic\1.2.3\logback-classic-1.2.3.jar;D:\mavenrepository\repository\ch\qos\logback\logback-core\1.2.3\logback-core-1.2.3.jar;D:\mavenrepository\repository\org\apache\logging\log4j\log4j-to-slf4j\2.10.0\log4j-to-slf4j-2.10.0.jar;D:\mavenrepository\repository\org\apache\logging\log4j\log4j-api\2.10.0\log4j-api-2.10.0.jar;D:\mavenrepository\repository\org\slf4j\jul-to-slf4j\1.7.25\jul-to-slf4j-1.7.25.jar;D:\mavenrepository\repository\org\yaml\snakeyaml\1.19\snakeyaml-1.19.jar;D:\mavenrepository\repository\com\zaxxer\HikariCP\2.7.9\HikariCP-2.7.9.jar;D:\mavenrepository\repository\org\slf4j\slf4j-api\1.7.25\slf4j-api-1.7.25.jar;D:\mavenrepository\repository\org\springframework\spring-jdbc\5.0.10.RELEASE\spring-jdbc-5.0.10.RELEASE.jar;D:\mavenrepository\repository\org\springframework\spring-beans\5.0.10.RELEASE\spring-beans-5.0.10.RELEASE.jar;D:\mavenrepository\repository\org\springframework\spring-tx\5.0.10.RELEASE\spring-tx-5.0.10.RELEASE.jar;D:\mavenrepository\repository\org\springframework\boot\spring-boot-starter-web\2.0.6.RELEASE\spring-boot-starter-web-2.0.6.RELEASE.jar;D:\mavenrepository\repository\org\springframework\boot\spring-boot-starter-json\2.0.6.RELEASE\spring-boot-starter-json-2.0.6.RELEASE.jar;D:\mavenrepository\repository\com\fasterxml\jackson\datatype\jackson-datatype-jdk8\2.9.7\jackson-datatype-jdk8-2.9.7.jar;D:\mavenrepository\repository\com\fasterxml\jackson\datatype\jackson-datatype-jsr310\2.9.7\jackson-datatype-jsr310-2.9.7.jar;D:\mavenrepository\repository\com\fasterxml\jackson\module\jackson-module-parameter-names\2.9.7\jackson-module-parameter-names-2.9.7.jar;D:\mavenrepository\repository\org\hibernate\validator\hibernate-validator\6.0.13.Final\hibernate-validator-6.0.13.Final.jar;D:\mavenrepository\repository\javax\validation\validation-api\2.0.1.Final\validation-api-2.0.1.Final.jar;D:\mavenrepository\repository\org\jboss\logging\jboss-logging\3.3.2.Final\jboss-logging-3.3.2.Final.jar;D:\mavenrepository\repository\com\fasterxml\classmate\1.3.4\classmate-1.3.4.jar;D:\mavenrepository\repository\org\springframework\spring-web\5.0.10.RELEASE\spring-web-5.0.10.RELEASE.jar;D:\mavenrepository\repository\org\springframework\spring-webmvc\5.0.10.RELEASE\spring-webmvc-5.0.10.RELEASE.jar;D:\mavenrepository\repository\org\springframework\spring-aop\5.0.10.RELEASE\spring-aop-5.0.10.RELEASE.jar;D:\mavenrepository\repository\org\springframework\spring-context\5.0.10.RELEASE\spring-context-5.0.10.RELEASE.jar;D:\mavenrepository\repository\org\springframework\spring-expression\5.0.10.RELEASE\spring-expression-5.0.10.RELEASE.jar;D:\mavenrepository\repository\com\fasterxml\jackson\core\jackson-databind\2.9.2\jackson-databind-2.9.2.jar;D:\mavenrepository\repository\com\fasterxml\jackson\core\jackson-annotations\2.9.0\jackson-annotations-2.9.0.jar;D:\mavenrepository\repository\com\fasterxml\jackson\core\jackson-core\2.9.2\jackson-core-2.9.2.jar;D:\mavenrepository\repository\mysql\mysql-connector-java\8.0.13\mysql-connector-java-8.0.13.jar;D:\mavenrepository\repository\com\google\protobuf\protobuf-java\3.6.1\protobuf-java-3.6.1.jar;D:\mavenrepository\repository\org\projectlombok\lombok\1.16.22\lombok-1.16.22.jar;D:\mavenrepository\repository\org\springframework\boot\spring-boot-starter-tomcat\2.0.6.RELEASE\spring-boot-starter-tomcat-2.0.6.RELEASE.jar;D:\mavenrepository\repository\javax\annotation\javax.annotation-api\1.3.2\javax.annotation-api-1.3.2.jar;D:\mavenrepository\repository\org\apache\tomcat\embed\tomcat-embed-core\8.5.34\tomcat-embed-core-8.5.34.jar;D:\mavenrepository\repository\org\apache\tomcat\embed\tomcat-embed-el\8.5.34\tomcat-embed-el-8.5.34.jar;D:\mavenrepository\repository\org\apache\tomcat\embed\tomcat-embed-websocket\8.5.34\tomcat-embed-websocket-8.5.34.jar;D:\mavenrepository\repository\org\springframework\boot\spring-boot-starter-test\2.0.6.RELEASE\spring-boot-starter-test-2.0.6.RELEASE.jar;D:\mavenrepository\repository\org\springframework\boot\spring-boot-test\2.0.6.RELEASE\spring-boot-test-2.0.6.RELEASE.jar;D:\mavenrepository\repository\org\springframework\boot\spring-boot-test-autoconfigure\2.0.6.RELEASE\spring-boot-test-autoconfigure-2.0.6.RELEASE.jar;D:\mavenrepository\repository\com\jayway\jsonpath\json-path\2.4.0\json-path-2.4.0.jar;D:\mavenrepository\repository\net\minidev\json-smart\2.3\json-smart-2.3.jar;D:\mavenrepository\repository\net\minidev\accessors-smart\1.2\accessors-smart-1.2.jar;D:\mavenrepository\repository\org\ow2\asm\asm\5.0.4\asm-5.0.4.jar;D:\mavenrepository\repository\junit\junit\4.12\junit-4.12.jar;D:\mavenrepository\repository\org\assertj\assertj-core\3.9.1\assertj-core-3.9.1.jar;D:\mavenrepository\repository\org\mockito\mockito-core\2.15.0\mockito-core-2.15.0.jar;D:\mavenrepository\repository\net\bytebuddy\byte-buddy\1.7.11\byte-buddy-1.7.11.jar;D:\mavenrepository\repository\net\bytebuddy\byte-buddy-agent\1.7.11\byte-buddy-agent-1.7.11.jar;D:\mavenrepository\repository\org\objenesis\objenesis\2.6\objenesis-2.6.jar;D:\mavenrepository\repository\org\hamcrest\hamcrest-core\1.3\hamcrest-core-1.3.jar;D:\mavenrepository\repository\org\hamcrest\hamcrest-library\1.3\hamcrest-library-1.3.jar;D:\mavenrepository\repository\org\skyscreamer\jsonassert\1.5.0\jsonassert-1.5.0.jar;D:\mavenrepository\repository\com\vaadin\external\google\android-json\0.0.20131108.vaadin1\android-json-0.0.20131108.vaadin1.jar;D:\mavenrepository\repository\org\springframework\spring-core\5.0.10.RELEASE\spring-core-5.0.10.RELEASE.jar;D:\mavenrepository\repository\org\springframework\spring-jcl\5.0.10.RELEASE\spring-jcl-5.0.10.RELEASE.jar;D:\mavenrepository\repository\org\springframework\spring-test\5.0.10.RELEASE\spring-test-5.0.10.RELEASE.jar;D:\mavenrepository\repository\org\xmlunit\xmlunit-core\2.5.1\xmlunit-core-2.5.1.jar;D:\mavenrepository\repository\org\mybatis\spring\boot\mybatis-spring-boot-starter\1.3.2\mybatis-spring-boot-starter-1.3.2.jar;D:\mavenrepository\repository\org\mybatis\spring\boot\mybatis-spring-boot-autoconfigure\1.3.2\mybatis-spring-boot-autoconfigure-1.3.2.jar;D:\mavenrepository\repository\org\mybatis\mybatis\3.4.6\mybatis-3.4.6.jar;D:\mavenrepository\repository\org\mybatis\mybatis-spring\1.3.2\mybatis-spring-1.3.2.jar;D:\mavenrepository\repository\com\alibaba\fastjson\1.2.51\fastjson-1.2.51.jar;D:\mavenrepository\repository\org\springframework\boot\spring-boot-starter-freemarker\2.0.6.RELEASE\spring-boot-starter-freemarker-2.0.6.RELEASE.jar;D:\mavenrepository\repository\org\freemarker\freemarker\2.3.28\freemarker-2.3.28.jar;D:\mavenrepository\repository\org\springframework\spring-context-support\5.0.10.RELEASE\spring-context-support-5.0.10.RELEASE.jar;D:\mavenrepository\repository\javax\servlet\javax.servlet-api\4.0.1\javax.servlet-api-4.0.1.jar;D:\mavenrepository\repository\org\springframework\boot\spring-boot-devtools\2.0.6.RELEASE\spring-boot-devtools-2.0.6.RELEASE.jar;D:\mavenrepository\repository\org\springframework\boot\spring-boot\2.0.6.RELEASE\spring-boot-2.0.6.RELEASE.jar;D:\mavenrepository\repository\org\springframework\boot\spring-boot-autoconfigure\2.0.6.RELEASE\spring-boot-autoconfigure-2.0.6.RELEASE.jar;"/>
    <property name="java.vm.vendor" value="Oracle Corporation"/>
    <property name="sun.arch.data.model" value="64"/>
    <property name="user.variant" value=""/>
    <property name="java.vendor.url" value="http://java.oracle.com/"/>
    <property name="user.timezone" value=""/>
    <property name="java.vm.specification.version" value="1.8"/>
    <property name="os.name" value="Windows 10"/>
    <property name="user.country" value="CN"/>
    <property name="sun.java.launcher" value="SUN_STANDARD"/>
    <property name="sun.boot.library.path" value="D:\javaJDK\jdk1.8.0_161\jre\bin"/>
    <property name="sun.java.command" value="C:\Users\ADMINI~1\AppData\Local\Temp\surefire5093593240452809027\surefirebooter5124512474611851335.jar C:\Users\Administrator\AppData\Local\Temp\surefire5093593240452809027 2019-11-29T10-55-59_945-jvmRun1 surefire6462199346357908691tmp surefire_05653827798294374107tmp"/>
    <property name="surefire.test.class.path" value="D:\workspace_yangmeng\github_project\eb\evaluation\target\test-classes;D:\workspace_yangmeng\github_project\eb\evaluation\target\classes;D:\mavenrepository\repository\org\springframework\boot\spring-boot-starter-jdbc\2.0.6.RELEASE\spring-boot-starter-jdbc-2.0.6.RELEASE.jar;D:\mavenrepository\repository\org\springframework\boot\spring-boot-starter\2.0.6.RELEASE\spring-boot-starter-2.0.6.RELEASE.jar;D:\mavenrepository\repository\org\springframework\boot\spring-boot-starter-logging\2.0.6.RELEASE\spring-boot-starter-logging-2.0.6.RELEASE.jar;D:\mavenrepository\repository\ch\qos\logback\logback-classic\1.2.3\logback-classic-1.2.3.jar;D:\mavenrepository\repository\ch\qos\logback\logback-core\1.2.3\logback-core-1.2.3.jar;D:\mavenrepository\repository\org\apache\logging\log4j\log4j-to-slf4j\2.10.0\log4j-to-slf4j-2.10.0.jar;D:\mavenrepository\repository\org\apache\logging\log4j\log4j-api\2.10.0\log4j-api-2.10.0.jar;D:\mavenrepository\repository\org\slf4j\jul-to-slf4j\1.7.25\jul-to-slf4j-1.7.25.jar;D:\mavenrepository\repository\org\yaml\snakeyaml\1.19\snakeyaml-1.19.jar;D:\mavenrepository\repository\com\zaxxer\HikariCP\2.7.9\HikariCP-2.7.9.jar;D:\mavenrepository\repository\org\slf4j\slf4j-api\1.7.25\slf4j-api-1.7.25.jar;D:\mavenrepository\repository\org\springframework\spring-jdbc\5.0.10.RELEASE\spring-jdbc-5.0.10.RELEASE.jar;D:\mavenrepository\repository\org\springframework\spring-beans\5.0.10.RELEASE\spring-beans-5.0.10.RELEASE.jar;D:\mavenrepository\repository\org\springframework\spring-tx\5.0.10.RELEASE\spring-tx-5.0.10.RELEASE.jar;D:\mavenrepository\repository\org\springframework\boot\spring-boot-starter-web\2.0.6.RELEASE\spring-boot-starter-web-2.0.6.RELEASE.jar;D:\mavenrepository\repository\org\springframework\boot\spring-boot-starter-json\2.0.6.RELEASE\spring-boot-starter-json-2.0.6.RELEASE.jar;D:\mavenrepository\repository\com\fasterxml\jackson\datatype\jackson-datatype-jdk8\2.9.7\jackson-datatype-jdk8-2.9.7.jar;D:\mavenrepository\repository\com\fasterxml\jackson\datatype\jackson-datatype-jsr310\2.9.7\jackson-datatype-jsr310-2.9.7.jar;D:\mavenrepository\repository\com\fasterxml\jackson\module\jackson-module-parameter-names\2.9.7\jackson-module-parameter-names-2.9.7.jar;D:\mavenrepository\repository\org\hibernate\validator\hibernate-validator\6.0.13.Final\hibernate-validator-6.0.13.Final.jar;D:\mavenrepository\repository\javax\validation\validation-api\2.0.1.Final\validation-api-2.0.1.Final.jar;D:\mavenrepository\repository\org\jboss\logging\jboss-logging\3.3.2.Final\jboss-logging-3.3.2.Final.jar;D:\mavenrepository\repository\com\fasterxml\classmate\1.3.4\classmate-1.3.4.jar;D:\mavenrepository\repository\org\springframework\spring-web\5.0.10.RELEASE\spring-web-5.0.10.RELEASE.jar;D:\mavenrepository\repository\org\springframework\spring-webmvc\5.0.10.RELEASE\spring-webmvc-5.0.10.RELEASE.jar;D:\mavenrepository\repository\org\springframework\spring-aop\5.0.10.RELEASE\spring-aop-5.0.10.RELEASE.jar;D:\mavenrepository\repository\org\springframework\spring-context\5.0.10.RELEASE\spring-context-5.0.10.RELEASE.jar;D:\mavenrepository\repository\org\springframework\spring-expression\5.0.10.RELEASE\spring-expression-5.0.10.RELEASE.jar;D:\mavenrepository\repository\com\fasterxml\jackson\core\jackson-databind\2.9.2\jackson-databind-2.9.2.jar;D:\mavenrepository\repository\com\fasterxml\jackson\core\jackson-annotations\2.9.0\jackson-annotations-2.9.0.jar;D:\mavenrepository\repository\com\fasterxml\jackson\core\jackson-core\2.9.2\jackson-core-2.9.2.jar;D:\mavenrepository\repository\mysql\mysql-connector-java\8.0.13\mysql-connector-java-8.0.13.jar;D:\mavenrepository\repository\com\google\protobuf\protobuf-java\3.6.1\protobuf-java-3.6.1.jar;D:\mavenrepository\repository\org\projectlombok\lombok\1.16.22\lombok-1.16.22.jar;D:\mavenrepository\repository\org\springframework\boot\spring-boot-starter-tomcat\2.0.6.RELEASE\spring-boot-starter-tomcat-2.0.6.RELEASE.jar;D:\mavenrepository\repository\javax\annotation\javax.annotation-api\1.3.2\javax.annotation-api-1.3.2.jar;D:\mavenrepository\repository\org\apache\tomcat\embed\tomcat-embed-core\8.5.34\tomcat-embed-core-8.5.34.jar;D:\mavenrepository\repository\org\apache\tomcat\embed\tomcat-embed-el\8.5.34\tomcat-embed-el-8.5.34.jar;D:\mavenrepository\repository\org\apache\tomcat\embed\tomcat-embed-websocket\8.5.34\tomcat-embed-websocket-8.5.34.jar;D:\mavenrepository\repository\org\springframework\boot\spring-boot-starter-test\2.0.6.RELEASE\spring-boot-starter-test-2.0.6.RELEASE.jar;D:\mavenrepository\repository\org\springframework\boot\spring-boot-test\2.0.6.RELEASE\spring-boot-test-2.0.6.RELEASE.jar;D:\mavenrepository\repository\org\springframework\boot\spring-boot-test-autoconfigure\2.0.6.RELEASE\spring-boot-test-autoconfigure-2.0.6.RELEASE.jar;D:\mavenrepository\repository\com\jayway\jsonpath\json-path\2.4.0\json-path-2.4.0.jar;D:\mavenrepository\repository\net\minidev\json-smart\2.3\json-smart-2.3.jar;D:\mavenrepository\repository\net\minidev\accessors-smart\1.2\accessors-smart-1.2.jar;D:\mavenrepository\repository\org\ow2\asm\asm\5.0.4\asm-5.0.4.jar;D:\mavenrepository\repository\junit\junit\4.12\junit-4.12.jar;D:\mavenrepository\repository\org\assertj\assertj-core\3.9.1\assertj-core-3.9.1.jar;D:\mavenrepository\repository\org\mockito\mockito-core\2.15.0\mockito-core-2.15.0.jar;D:\mavenrepository\repository\net\bytebuddy\byte-buddy\1.7.11\byte-buddy-1.7.11.jar;D:\mavenrepository\repository\net\bytebuddy\byte-buddy-agent\1.7.11\byte-buddy-agent-1.7.11.jar;D:\mavenrepository\repository\org\objenesis\objenesis\2.6\objenesis-2.6.jar;D:\mavenrepository\repository\org\hamcrest\hamcrest-core\1.3\hamcrest-core-1.3.jar;D:\mavenrepository\repository\org\hamcrest\hamcrest-library\1.3\hamcrest-library-1.3.jar;D:\mavenrepository\repository\org\skyscreamer\jsonassert\1.5.0\jsonassert-1.5.0.jar;D:\mavenrepository\repository\com\vaadin\external\google\android-json\0.0.20131108.vaadin1\android-json-0.0.20131108.vaadin1.jar;D:\mavenrepository\repository\org\springframework\spring-core\5.0.10.RELEASE\spring-core-5.0.10.RELEASE.jar;D:\mavenrepository\repository\org\springframework\spring-jcl\5.0.10.RELEASE\spring-jcl-5.0.10.RELEASE.jar;D:\mavenrepository\repository\org\springframework\spring-test\5.0.10.RELEASE\spring-test-5.0.10.RELEASE.jar;D:\mavenrepository\repository\org\xmlunit\xmlunit-core\2.5.1\xmlunit-core-2.5.1.jar;D:\mavenrepository\repository\org\mybatis\spring\boot\mybatis-spring-boot-starter\1.3.2\mybatis-spring-boot-starter-1.3.2.jar;D:\mavenrepository\repository\org\mybatis\spring\boot\mybatis-spring-boot-autoconfigure\1.3.2\mybatis-spring-boot-autoconfigure-1.3.2.jar;D:\mavenrepository\repository\org\mybatis\mybatis\3.4.6\mybatis-3.4.6.jar;D:\mavenrepository\repository\org\mybatis\mybatis-spring\1.3.2\mybatis-spring-1.3.2.jar;D:\mavenrepository\repository\com\alibaba\fastjson\1.2.51\fastjson-1.2.51.jar;D:\mavenrepository\repository\org\springframework\boot\spring-boot-starter-freemarker\2.0.6.RELEASE\spring-boot-starter-freemarker-2.0.6.RELEASE.jar;D:\mavenrepository\repository\org\freemarker\freemarker\2.3.28\freemarker-2.3.28.jar;D:\mavenrepository\repository\org\springframework\spring-context-support\5.0.10.RELEASE\spring-context-support-5.0.10.RELEASE.jar;D:\mavenrepository\repository\javax\servlet\javax.servlet-api\4.0.1\javax.servlet-api-4.0.1.jar;D:\mavenrepository\repository\org\springframework\boot\spring-boot-devtools\2.0.6.RELEASE\spring-boot-devtools-2.0.6.RELEASE.jar;D:\mavenrepository\repository\org\springframework\boot\spring-boot\2.0.6.RELEASE\spring-boot-2.0.6.RELEASE.jar;D:\mavenrepository\repository\org\springframework\boot\spring-boot-autoconfigure\2.0.6.RELEASE\spring-boot-autoconfigure-2.0.6.RELEASE.jar;"/>
    <property name="sun.cpu.endian" value="little"/>
    <property name="user.home" value="C:\Users\Administrator"/>
    <property name="user.language" value="zh"/>
    <property name="java.specification.vendor" value="Oracle Corporation"/>
    <property name="java.home" value="D:\javaJDK\jdk1.8.0_161\jre"/>
    <property name="basedir" value="D:\workspace_yangmeng\github_project\eb\evaluation"/>
    <property name="file.separator" value="\"/>
    <property name="line.separator" value="&#10;"/>
    <property name="java.vm.specification.vendor" value="Oracle Corporation"/>
    <property name="java.specification.name" value="Java Platform API Specification"/>
    <property name="java.awt.graphicsenv" value="sun.awt.Win32GraphicsEnvironment"/>
    <property name="surefire.real.class.path" value="C:\Users\ADMINI~1\AppData\Local\Temp\surefire5093593240452809027\surefirebooter5124512474611851335.jar"/>
    <property name="sun.boot.class.path" value="D:\javaJDK\jdk1.8.0_161\jre\lib\resources.jar;D:\javaJDK\jdk1.8.0_161\jre\lib\rt.jar;D:\javaJDK\jdk1.8.0_161\jre\lib\sunrsasign.jar;D:\javaJDK\jdk1.8.0_161\jre\lib\jsse.jar;D:\javaJDK\jdk1.8.0_161\jre\lib\jce.jar;D:\javaJDK\jdk1.8.0_161\jre\lib\charsets.jar;D:\javaJDK\jdk1.8.0_161\jre\lib\jfr.jar;D:\javaJDK\jdk1.8.0_161\jre\classes"/>
    <property name="user.script" value=""/>
    <property name="sun.management.compiler" value="HotSpot 64-Bit Tiered Compilers"/>
    <property name="java.runtime.version" value="1.8.0_161-b12"/>
    <property name="user.name" value="Administrator"/>
    <property name="path.separator" value=";"/>
    <property name="os.version" value="10.0"/>
    <property name="java.endorsed.dirs" value="D:\javaJDK\jdk1.8.0_161\jre\lib\endorsed"/>
    <property name="java.runtime.name" value="Java(TM) SE Runtime Environment"/>
    <property name="file.encoding" value="GBK"/>
    <property name="java.vm.name" value="Java HotSpot(TM) 64-Bit Server VM"/>
    <property name="localRepository" value="D:\mavenrepository\repository"/>
    <property name="java.vendor.url.bug" value="http://bugreport.sun.com/bugreport/"/>
    <property name="java.io.tmpdir" value="C:\Users\ADMINI~1\AppData\Local\Temp\"/>
    <property name="idea.version" value="2018.2.5"/>
    <property name="java.version" value="1.8.0_161"/>
    <property name="user.dir" value="D:\workspace_yangmeng\github_project\eb\evaluation"/>
    <property name="os.arch" value="amd64"/>
    <property name="java.vm.specification.name" value="Java Virtual Machine Specification"/>
    <property name="java.awt.printerjob" value="sun.awt.windows.WPrinterJob"/>
    <property name="sun.os.patch.level" value=""/>
    <property name="java.library.path" value="D:\javaJDK\jdk1.8.0_161\jre\bin;C:\WINDOWS\Sun\Java\bin;C:\WINDOWS\system32;C:\WINDOWS;D:\Program Files (x86)\NetSarang\Xshell 6\;D:\Program Files\NetSarang\Xftp 6\;C:\Program Files\VanDyke Software\Clients\;C:\Perl64\site\bin;C:\Perl64\bin;C:\ProgramData\Oracle\Java\javapath;C:\WINDOWS\system32;C:\WINDOWS;C:\WINDOWS\System32\Wbem;C:\WINDOWS\System32\WindowsPowerShell\v1.0\;C:\Program Files\Microsoft SQL Server\120\Tools\Binn\;C:\Program Files\Microsoft SQL Server\130\Tools\Binn\;C:\Program Files\dotnet\;C:\Program Files (x86)\VisualSVN\bin;C:\Program Files (x86)\Microsoft SQL Server\Client SDK\ODBC\130\Tools\Binn\;C:\Program Files (x86)\Microsoft SQL Server\130\Tools\Binn\;C:\Program Files (x86)\Microsoft SQL Server\130\DTS\Binn\;C:\Program Files (x86)\Microsoft SQL Server\130\Tools\Binn\ManagementStudio\;C:\Program Files\Microsoft SQL Server\Client SDK\ODBC\130\Tools\Binn\;C:\Program Files\Microsoft SQL Server\130\DTS\Binn\;C:\Program Files (x86)\GnuWin32\bin\;C:\WINDOWS\System32\OpenSSH\;C:\Program Files (x86)\Microsoft SDKs\Windows\v7.0A\Bin\x64\;C:\Program Files (x86)\Microsoft SDKs\Windows\v7.0A\Bin\;C:\Windows\Microsoft.NET\Framework64\v4.0.30319\;C:\Program Files (x86)\Microsoft Visual Studio\2017\Enterprise\Common7\IDE\;C:\Program Files\Git\cmd;&quot;%JAVA_HOME%\bin;%JAVA_HOME%\jre\bin&quot;;D:\mysql-5.7.24-winx64\bin;D:\workspace\TortoiseSVN\bin;D:\Program Files\nodejs\;D:\javaJDK\MySQL\mysql-8.0.15-winx64\bin;D:\javaJDK\apache-tomcat-8.5.42\bin;D:\Program Files\Python37;D:\Program Files\Python37\Scripts\;D:\Program Files\Python37\;C:\Program Files (x86)\Microsoft Visual Studio\Common\Tools\WinNT;C:\Program Files (x86)\Microsoft Visual Studio\Common\MSDev98\Bin;C:\Program Files (x86)\Microsoft Visual Studio\Common\Tools;C:\Program Files (x86)\Microsoft Visual Studio\VC98\bin;C:\Users\Administrator\AppData\Local\Microsoft\WindowsApps;;D:\Program Files\Microsoft VS Code\bin;C:\Users\Administrator\AppData\Roaming\npm;D:\Program Files\JetBrains\PyCharm 2019.1.3\bin;;D:\Program Files\JetBrains\WebStorm 2019.1.3\bin;;."/>
    <property name="java.vm.info" value="mixed mode"/>
    <property name="java.vendor" value="Oracle Corporation"/>
    <property name="java.vm.version" value="25.161-b12"/>
    <property name="java.ext.dirs" value="D:\javaJDK\jdk1.8.0_161\jre\lib\ext;C:\WINDOWS\Sun\Java\lib\ext"/>
    <property name="sun.io.unicode.encoding" value="UnicodeLittle"/>
    <property name="java.class.version" value="52.0"/>
  </properties>
  <testcase name="contextLoads" classname="com.evaluation.EvaluationApplicationTests" time="0.423"/>
</testsuite>